<?xml version="1.0" encoding="UTF-8"?>
<!-- Generated by org.testng.reporters.JUnitXMLReporter -->
<testsuite ignored="0" hostname="bruce" failures="0" tests="1" name="social_mediaWebApplication Test" time="0.549" errors="0" timestamp="2024-02-09T19:39:35 IST">
  <testcase classname="testCases.BaseClass" name="@BeforeClass setUp" time="0.495">
    <failure type="java.lang.NullPointerException" message="Cannot invoke &amp;quot;org.openqa.selenium.WebDriver.manage()&amp;quot; because &amp;quot;testCases.BaseClass.driver&amp;quot; is null">
      <![CDATA[java.lang.NullPointerException: Cannot invoke "org.openqa.selenium.WebDriver.manage()" because "testCases.BaseClass.driver" is null
at testCases.BaseClass.setUp(BaseClass.java:29)
at java.base/java.util.ArrayList.forEach(ArrayList.java:1511)
... Removed 25 stack frames]]>
    </failure>
  </testcase> <!-- @BeforeClass setUp -->
  <testcase classname="testCases.BaseClass" name="@AfterClass teardown" time="0.0">
    <skipped/>
  </testcase> <!-- @AfterClass teardown -->
  <testcase classname="testCases.TC_LoginTest_001" name="loginTest" time="0.002">
    <skipped/>
  </testcase> <!-- loginTest -->
</testsuite> <!-- social_mediaWebApplication Test -->
